bs
==========
[CORE0 FSH] PASS
All cores finished! Terminating...
$finish called from file "/home/reyc2/final_project/black-parrot/bp_top/test/common/bp_nonsynth_host.v", line 138.
$finish at simulation time             13270000
           V C S   S i m u l a t i o n   R e p o r t 
Time: 13270000 ps
CPU Time:      6.880 seconds;       Data structure size:  36.0Mb
Wed Mar 18 21:23:48 2020

fibcall
==========
[CORE0 FSH] PASS
All cores finished! Terminating...
$finish called from file "/home/reyc2/final_project/black-parrot/bp_top/test/common/bp_nonsynth_host.v", line 138.
$finish at simulation time             29070000
           V C S   S i m u l a t i o n   R e p o r t 
Time: 29070000 ps
CPU Time:     14.490 seconds;       Data structure size:  36.0Mb
Wed Mar 18 21:24:09 2020

median
==========
[CORE0 FSH] PASS
All cores finished! Terminating...
$finish called from file "/home/reyc2/final_project/black-parrot/bp_top/test/common/bp_nonsynth_host.v", line 138.
$finish at simulation time            229440000
           V C S   S i m u l a t i o n   R e p o r t 
Time: 229440000 ps
CPU Time:    122.920 seconds;       Data structure size:  36.0Mb
Wed Mar 18 21:26:25 2020

rv64ui-p-blt
==========
[CORE0 FSH] PASS
All cores finished! Terminating...
$finish called from file "/home/reyc2/final_project/black-parrot/bp_top/test/common/bp_nonsynth_host.v", line 138.
$finish at simulation time              9900000
           V C S   S i m u l a t i o n   R e p o r t 
Time: 9900000 ps
CPU Time:      5.110 seconds;       Data structure size:  36.0Mb
Wed Mar 18 21:26:32 2020

rv64ui-p-bge
==========
[CORE0 FSH] PASS
All cores finished! Terminating...
$finish called from file "/home/reyc2/final_project/black-parrot/bp_top/test/common/bp_nonsynth_host.v", line 138.
$finish at simulation time             10690000
           V C S   S i m u l a t i o n   R e p o r t 
Time: 10690000 ps
CPU Time:      5.560 seconds;       Data structure size:  36.0Mb
Wed Mar 18 21:26:41 2020

rv64ui-p-bgeu
==========
[CORE0 FSH] PASS
All cores finished! Terminating...
$finish called from file "/home/reyc2/final_project/black-parrot/bp_top/test/common/bp_nonsynth_host.v", line 138.
$finish at simulation time             12410000
           V C S   S i m u l a t i o n   R e p o r t 
Time: 12410000 ps
CPU Time:      5.900 seconds;       Data structure size:  36.0Mb
Wed Mar 18 21:26:49 2020

rv64ui-p-bltu
==========
[CORE0 FSH] PASS
All cores finished! Terminating...
$finish called from file "/home/reyc2/final_project/black-parrot/bp_top/test/common/bp_nonsynth_host.v", line 138.
$finish at simulation time             11740000
           V C S   S i m u l a t i o n   R e p o r t 
Time: 11740000 ps
CPU Time:      5.590 seconds;       Data structure size:  36.0Mb
Wed Mar 18 21:26:56 2020

rv64ui-p-bne
==========
[CORE0 FSH] PASS
All cores finished! Terminating...
$finish called from file "/home/reyc2/final_project/black-parrot/bp_top/test/common/bp_nonsynth_host.v", line 138.
$finish at simulation time             10010000
           V C S   S i m u l a t i o n   R e p o r t 
Time: 10010000 ps
CPU Time:      4.570 seconds;       Data structure size:  36.0Mb
Wed Mar 18 21:27:02 2020

rv64ui-p-beq
==========
[CORE0 FSH] PASS
All cores finished! Terminating...
$finish called from file "/home/reyc2/final_project/black-parrot/bp_top/test/common/bp_nonsynth_host.v", line 138.
$finish at simulation time              9900000
           V C S   S i m u l a t i o n   R e p o r t 
Time: 9900000 ps
CPU Time:      4.970 seconds;       Data structure size:  36.0Mb
Wed Mar 18 21:27:08 2020

towers
==========
[CORE0 FSH] PASS
All cores finished! Terminating...
$finish called from file "/home/reyc2/final_project/black-parrot/bp_top/test/common/bp_nonsynth_host.v", line 138.
$finish at simulation time            166430000
           V C S   S i m u l a t i o n   R e p o r t 
Time: 166430000 ps
CPU Time:     97.890 seconds;       Data structure size:  36.0Mb
Wed Mar 18 21:29:09 2020

vvadd
==========
[CORE0 FSH] PASS
All cores finished! Terminating...
$finish called from file "/home/reyc2/final_project/black-parrot/bp_top/test/common/bp_nonsynth_host.v", line 138.
$finish at simulation time            103570000
           V C S   S i m u l a t i o n   R e p o r t 
Time: 103570000 ps
CPU Time:     55.250 seconds;       Data structure size:  36.0Mb
Wed Mar 18 21:30:09 2020

